10:53:42: Creating resource group General
10:53:42: Creating resource group Internal
10:53:42: Creating resource group Autodetect
10:53:42: Registering ResourceManager for type Material
10:53:42: Registering ResourceManager for type Mesh
10:53:42: Registering ResourceManager for type Skeleton
10:53:42: MovableObjectFactory for type 'ParticleSystem' registered.
10:53:42: Loading library OgrePlatform.dll
10:53:42: OverlayElementFactory for type Panel registered.
10:53:42: OverlayElementFactory for type BorderPanel registered.
10:53:42: OverlayElementFactory for type TextArea registered.
10:53:42: Registering ResourceManager for type Font
10:53:42: ArchiveFactory for archive type FileSystem registered.
10:53:42: ArchiveFactory for archive type Zip registered.
10:53:42: DevIL version: Developer's Image Library (DevIL) 1.6.7 Nov  9 2005
10:53:42: DevIL image formats: bmp dib cut dcx dds gif hdr ico cur jpg jpe jpeg lif mdl mng jng pcx pic pix png pbm pgm pnm ppm psd pdd psp pxr sgi bw rgb rgba tga vda icb vst tif tiff wal xpm raw 
10:53:42: Registering ResourceManager for type HighLevelGpuProgram
10:53:42: Registering ResourceManager for type Compositor
10:53:42: MovableObjectFactory for type 'Entity' registered.
10:53:42: MovableObjectFactory for type 'Light' registered.
10:53:42: MovableObjectFactory for type 'BillboardSet' registered.
10:53:42: MovableObjectFactory for type 'ManualObject' registered.
10:53:42: MovableObjectFactory for type 'BillboardChain' registered.
10:53:42: MovableObjectFactory for type 'RibbonTrail' registered.
10:53:42: An exception has been thrown!

-----------------------------------
Details:
-----------------------------------
Error #: 8
Function: ConfigFile::load
Description: 'plugins.cfg' file not found!. 
File: ..\src\OgreConfigFile.cpp
Line: 80
Stack unwinding: <<beginning of stack>>
10:53:42: plugins.cfg not found, automatic plugin loading disabled.
10:53:42: *-*-* OGRE Initialising
10:53:42: *-*-* Version 1.2.3 (Dagon)
10:53:42: An exception has been thrown!

-----------------------------------
Details:
-----------------------------------
Error #: 8
Function: ConfigFile::load
Description: 'resources.cfg' file not found!. 
File: ..\src\OgreConfigFile.cpp
Line: 80
Stack unwinding: <<beginning of stack>>
10:53:51: *-*-* OGRE Shutdown
10:53:51: Unregistering ResourceManager for type Compositor
10:53:51: Unregistering ResourceManager for type Font
10:53:51: Unregistering ResourceManager for type Skeleton
10:53:51: Unregistering ResourceManager for type Mesh
10:53:51: Unregistering ResourceManager for type HighLevelGpuProgram
10:53:51: Unregistering ResourceManager for type Material
10:53:51: Unloading library OgrePlatform.dll
